[Mon, 05 Nov 2012 21:20:10 GMT] INFO Server starting with config: {
  "environment": "development",
  "workers": 1,
  "port": 4000,
  "debug": true,
  "rotateWorkers": false,
  "rotationWindow": 7200000,
  "rotationTimeout": 300000,
  "logDir": "/home/joseph/repos/geddy-spa/doc/log",
  "gracefulShutdownTimeout": 30000,
  "heartbeatInterval": 5000,
  "heartbeatWindow": 20000,
  "staticFilePath": "/home/joseph/repos/geddy-spa/doc/public",
  "sessions": {
    "store": "memory",
    "key": "sid",
    "expiry": 1209600
  },
  "cookieSessionKey": "sdata",
  "metrics": null,
  "i18n": {
    "defaultLocale": "en-us",
    "loadPaths": [
      "/home/joseph/repos/geddy-spa/doc/config/locales"
    ]
  },
  "spdy": null,
  "ssl": null,
  "hostname": null,
  "detailedErrors": true,
  "model": {
    "defaultAdapter": "memory"
  }
}
[Mon, 05 Nov 2012 21:20:10 GMT] INFO Creating 1 worker process.
[Mon, 05 Nov 2012 21:20:10 GMT] INFO Server worker running in development on port 4000 with a PID of: 25655
[Mon, 05 Nov 2012 21:20:10 GMT] DEBUG LOGGING STARTED ============================================
[Mon, 05 Nov 2012 21:20:10 GMT] DEBUG ============================================================
